<?xml version="1.0" encoding="UTF-8"?>
<!-- Generated by org.testng.reporters.JUnitReportReporter -->
<testsuite hostname="Bujuku" failures="0" tests="1" name="com.bookswagon.runner.RegisterTestRunner" time="46.984" errors="0" timestamp="2024-02-27T15:57:03 IST" skipped="0">
  <testcase classname="com.bookswagon.runner.RegisterTestRunner" name="runScenario" time="46.984"/>
  <system-out/>
</testsuite> <!-- com.bookswagon.runner.RegisterTestRunner -->
