<?xml version="1.0" encoding="UTF-8"?>
<!-- Generated by org.testng.reporters.JUnitReportReporter -->
<testsuite hostname="Bujuku" failures="0" tests="2" name="com.bookswagon.test.TestOnPersonalSettings" time="76.364" errors="0" timestamp="2024-02-22T15:35:01 IST" skipped="0">
  <testcase classname="com.bookswagon.test.TestOnPersonalSettings" name="naivigate_to_PersonalSettings_Page" time="6.702"/>
  <testcase classname="com.bookswagon.test.TestOnPersonalSettings" name="UpdateDetails" time="69.662"/>
</testsuite> <!-- com.bookswagon.test.TestOnPersonalSettings -->
