<?xml version="1.0" encoding="UTF-8"?>
<!-- Generated by org.testng.reporters.JUnitReportReporter -->
<testsuite hostname="Bujuku" failures="1" tests="48" name="com.bookswagon.runner.TestRunner" time="0.989" errors="15" timestamp="2024-02-28T16:44:17 IST" skipped="32">
  <testcase classname="com.bookswagon.runner.TestRunner" name="runScenario" time="0.011">
    <skipped/>
  </testcase> <!-- runScenario -->
  <system-out/>
  <testcase classname="com.bookswagon.runner.TestRunner" name="runScenario" time="0.007">
    <skipped/>
  </testcase> <!-- runScenario -->
  <system-out/>
  <testcase classname="com.bookswagon.runner.TestRunner" name="runScenario" time="0.016">
    <skipped/>
  </testcase> <!-- runScenario -->
  <system-out/>
  <testcase classname="com.bookswagon.runner.TestRunner" name="runScenario" time="0.008">
    <skipped/>
  </testcase> <!-- runScenario -->
  <system-out/>
  <testcase classname="com.bookswagon.runner.TestRunner" name="runScenario" time="0.007">
    <error message="Cannot invoke &quot;org.openqa.selenium.WebDriver.get(String)&quot; because &quot;com.bookswagon.pages.RequestBookPage.driver&quot; is null" type="java.lang.NullPointerException">
      <![CDATA[java.lang.NullPointerException: Cannot invoke "org.openqa.selenium.WebDriver.get(String)" because "com.bookswagon.pages.RequestBookPage.driver" is null
at com.bookswagon.pages.RequestBookPage.navigateToURL(RequestBookPage.java:59)
at com.bookswagon.stepdefinitions.RequestBookStepDefinitions.i_want_to_open_a_website_in_browser(RequestBookStepDefinitions.java:32)
at ✽.I want to Open a website in browser(file:///C:/RLL/RLL-Group-5-BooksWagon/src/test/resources/Features/RequestBook.feature:21)
]]>
    </error>
  </testcase> <!-- runScenario -->
  <system-out/>
  <testcase classname="com.bookswagon.runner.TestRunner" name="runScenario" time="0.009">
    <skipped/>
  </testcase> <!-- runScenario -->
  <system-out/>
  <testcase classname="com.bookswagon.runner.TestRunner" name="runScenario" time="0.006">
    <skipped/>
  </testcase> <!-- runScenario -->
  <system-out/>
  <testcase classname="com.bookswagon.runner.TestRunner" name="runScenario" time="0.007">
    <skipped/>
  </testcase> <!-- runScenario -->
  <system-out/>
  <testcase classname="com.bookswagon.runner.TestRunner" name="runScenario" time="0.007">
    <skipped/>
  </testcase> <!-- runScenario -->
  <system-out/>
  <testcase classname="com.bookswagon.runner.TestRunner" name="runScenario" time="0.023">
    <skipped/>
  </testcase> <!-- runScenario -->
  <system-out/>
  <testcase classname="com.bookswagon.runner.TestRunner" name="runScenario" time="0.008">
    <skipped/>
  </testcase> <!-- runScenario -->
  <system-out/>
  <testcase classname="com.bookswagon.runner.TestRunner" name="runScenario" time="0.008">
    <skipped/>
  </testcase> <!-- runScenario -->
  <system-out/>
  <testcase classname="com.bookswagon.runner.TestRunner" name="runScenario" time="0.010">
    <skipped/>
  </testcase> <!-- runScenario -->
  <system-out/>
  <testcase classname="com.bookswagon.runner.TestRunner" name="runScenario" time="0.011">
    <error message="Cannot invoke &quot;org.openqa.selenium.WebDriver.get(String)&quot; because &quot;com.bookswagon.pages.RequestBookPage.driver&quot; is null" type="java.lang.NullPointerException">
      <![CDATA[java.lang.NullPointerException: Cannot invoke "org.openqa.selenium.WebDriver.get(String)" because "com.bookswagon.pages.RequestBookPage.driver" is null
at com.bookswagon.pages.RequestBookPage.navigateToURL(RequestBookPage.java:59)
at com.bookswagon.stepdefinitions.RequestBookStepDefinitions.i_want_to_open_a_website_in_browser(RequestBookStepDefinitions.java:32)
at ✽.I want to Open a website in browser(file:///C:/RLL/RLL-Group-5-BooksWagon/src/test/resources/Features/RequestBook.feature:7)
]]>
    </error>
  </testcase> <!-- runScenario -->
  <system-out/>
  <testcase classname="com.bookswagon.runner.TestRunner" name="runScenario" time="0.011">
    <skipped/>
  </testcase> <!-- runScenario -->
  <system-out/>
  <testcase classname="com.bookswagon.runner.TestRunner" name="runScenario" time="0.006">
    <skipped/>
  </testcase> <!-- runScenario -->
  <system-out/>
  <testcase classname="com.bookswagon.runner.TestRunner" name="runScenario" time="0.013">
    <skipped/>
  </testcase> <!-- runScenario -->
  <system-out/>
  <testcase classname="com.bookswagon.runner.TestRunner" name="runScenario" time="0.519">
    <skipped/>
  </testcase> <!-- runScenario -->
  <system-out/>
  <testcase classname="com.bookswagon.runner.TestRunner" name="runScenario" time="0.014">
    <error message="Cannot invoke &quot;org.openqa.selenium.WebDriver.get(String)&quot; because &quot;this.driver&quot; is null" type="java.lang.NullPointerException">
      <![CDATA[java.lang.NullPointerException: Cannot invoke "org.openqa.selenium.WebDriver.get(String)" because "this.driver" is null
at com.bookswagon.pages.AwardWinnersPage.navigateToURL(AwardWinnersPage.java:51)
at com.bookswagon.stepdefinitions.AwardWinnerStepDefinitons.user_enters_the_url(AwardWinnerStepDefinitons.java:34)
at ✽.User enters the URL "https://www.bookswagon.com/"(file:///C:/RLL/RLL-Group-5-BooksWagon/src/test/resources/Features/AwardWinners.feature:7)
]]>
    </error>
  </testcase> <!-- runScenario -->
  <system-out/>
  <testcase classname="com.bookswagon.runner.TestRunner" name="runScenario" time="0.014">
    <skipped/>
  </testcase> <!-- runScenario -->
  <system-out/>
  <testcase classname="com.bookswagon.runner.TestRunner" name="runScenario" time="0.014">
    <skipped/>
  </testcase> <!-- runScenario -->
  <system-out/>
  <testcase classname="com.bookswagon.runner.TestRunner" name="runScenario" time="0.008">
    <skipped/>
  </testcase> <!-- runScenario -->
  <system-out/>
  <testcase classname="com.bookswagon.runner.TestRunner" name="runScenario" time="0.008">
    <error message="Cannot invoke &quot;org.openqa.selenium.WebDriver.get(String)&quot; because &quot;this.driver&quot; is null" type="java.lang.NullPointerException">
      <![CDATA[java.lang.NullPointerException: Cannot invoke "org.openqa.selenium.WebDriver.get(String)" because "this.driver" is null
at com.bookswagon.pages.LoginPage.navigateToURL(LoginPage.java:72)
at com.bookswagon.stepdefinitions.LoginStepDefinitions.click_on_the_url_of_bookswagon_website(LoginStepDefinitions.java:33)
at ✽.click on the URL of bookswagon website(file:///C:/RLL/RLL-Group-5-BooksWagon/src/test/resources/Features/Login.feature:13)
]]>
    </error>
  </testcase> <!-- runScenario -->
  <system-out/>
  <testcase classname="com.bookswagon.runner.TestRunner" name="runScenario" time="0.018">
    <skipped/>
  </testcase> <!-- runScenario -->
  <system-out/>
  <testcase classname="com.bookswagon.runner.TestRunner" name="runScenario" time="0.007">
    <error message="Cannot invoke &quot;org.openqa.selenium.WebDriver.get(String)&quot; because &quot;this.driver&quot; is null" type="java.lang.NullPointerException">
      <![CDATA[java.lang.NullPointerException: Cannot invoke "org.openqa.selenium.WebDriver.get(String)" because "this.driver" is null
at com.bookswagon.pages.PersonalSettingsPage.navigateToUrl(PersonalSettingsPage.java:70)
at com.bookswagon.stepdefinitions.PersonalSettingStepdefinition.user_navigates_to_the_webpage(PersonalSettingStepdefinition.java:35)
at ✽.User navigates to the webpage(file:///C:/RLL/RLL-Group-5-BooksWagon/src/test/resources/Features/PersonalSettings.feature:4)
]]>
    </error>
  </testcase> <!-- runScenario -->
  <system-out/>
  <testcase classname="com.bookswagon.runner.TestRunner" name="runScenario" time="0.006">
    <skipped/>
  </testcase> <!-- runScenario -->
  <system-out/>
  <testcase classname="com.bookswagon.runner.TestRunner" name="runScenario" time="0.010">
    <skipped/>
  </testcase> <!-- runScenario -->
  <system-out/>
  <testcase classname="com.bookswagon.runner.TestRunner" name="runScenario" time="0.013">
    <error message="Cannot invoke &quot;org.openqa.selenium.WebDriver.get(String)&quot; because &quot;this.driver&quot; is null" type="java.lang.NullPointerException">
      <![CDATA[java.lang.NullPointerException: Cannot invoke "org.openqa.selenium.WebDriver.get(String)" because "this.driver" is null
at com.bookswagon.pages.LoginPage.navigateToURL(LoginPage.java:72)
at com.bookswagon.stepdefinitions.LoginStepDefinitions.click_on_the_url_of_bookswagon_website(LoginStepDefinitions.java:33)
at ✽.click on the URL of bookswagon website(file:///C:/RLL/RLL-Group-5-BooksWagon/src/test/resources/Features/Login.feature:5)
]]>
    </error>
  </testcase> <!-- runScenario -->
  <system-out/>
  <testcase classname="com.bookswagon.runner.TestRunner" name="runScenario" time="0.007">
    <error message="Cannot invoke &quot;org.openqa.selenium.WebDriver.get(String)&quot; because &quot;com.bookswagon.pages.RequestBookPage.driver&quot; is null" type="java.lang.NullPointerException">
      <![CDATA[java.lang.NullPointerException: Cannot invoke "org.openqa.selenium.WebDriver.get(String)" because "com.bookswagon.pages.RequestBookPage.driver" is null
at com.bookswagon.pages.RequestBookPage.navigateToURL(RequestBookPage.java:59)
at com.bookswagon.stepdefinitions.RequestBookStepDefinitions.i_want_to_open_a_website_in_browser(RequestBookStepDefinitions.java:32)
at ✽.I want to Open a website in browser(file:///C:/RLL/RLL-Group-5-BooksWagon/src/test/resources/Features/RequestBook.feature:21)
]]>
    </error>
  </testcase> <!-- runScenario -->
  <system-out/>
  <testcase classname="com.bookswagon.runner.TestRunner" name="runScenario" time="0.010">
    <error message="Cannot invoke &quot;org.openqa.selenium.WebDriver.get(String)&quot; because &quot;this.driver&quot; is null" type="java.lang.NullPointerException">
      <![CDATA[java.lang.NullPointerException: Cannot invoke "org.openqa.selenium.WebDriver.get(String)" because "this.driver" is null
at com.bookswagon.pages.AwardWinnersPage.navigateToURL(AwardWinnersPage.java:51)
at com.bookswagon.stepdefinitions.AwardWinnerStepDefinitons.user_enters_the_url(AwardWinnerStepDefinitons.java:34)
at ✽.User enters the URL "https://www.bookswagon.com/"(file:///C:/RLL/RLL-Group-5-BooksWagon/src/test/resources/Features/AwardWinners.feature:7)
]]>
    </error>
  </testcase> <!-- runScenario -->
  <system-out/>
  <testcase classname="com.bookswagon.runner.TestRunner" name="runScenario" time="0.009">
    <skipped/>
  </testcase> <!-- runScenario -->
  <system-out/>
  <testcase classname="com.bookswagon.runner.TestRunner" name="runScenario" time="0.006">
    <skipped/>
  </testcase> <!-- runScenario -->
  <system-out/>
  <testcase classname="com.bookswagon.runner.TestRunner" name="runScenario" time="0.010">
    <error message="Cannot invoke &quot;org.openqa.selenium.WebDriver.get(String)&quot; because &quot;this.driver&quot; is null" type="java.lang.NullPointerException">
      <![CDATA[java.lang.NullPointerException: Cannot invoke "org.openqa.selenium.WebDriver.get(String)" because "this.driver" is null
at com.bookswagon.pages.PersonalSettingsPage.navigateToUrl(PersonalSettingsPage.java:70)
at com.bookswagon.stepdefinitions.PersonalSettingStepdefinition.user_navigates_to_the_webpage(PersonalSettingStepdefinition.java:35)
at ✽.User navigates to the webpage(file:///C:/RLL/RLL-Group-5-BooksWagon/src/test/resources/Features/PersonalSettings.feature:4)
]]>
    </error>
  </testcase> <!-- runScenario -->
  <system-out/>
  <testcase classname="com.bookswagon.runner.TestRunner" name="runScenario" time="0.010">
    <skipped/>
  </testcase> <!-- runScenario -->
  <system-out/>
  <testcase classname="com.bookswagon.runner.TestRunner" name="runScenario" time="0.014">
    <skipped/>
  </testcase> <!-- runScenario -->
  <system-out/>
  <testcase classname="com.bookswagon.runner.TestRunner" name="runScenario" time="0.006">
    <error message="Cannot invoke &quot;org.openqa.selenium.WebDriver.get(String)&quot; because &quot;this.driver&quot; is null" type="java.lang.NullPointerException">
      <![CDATA[java.lang.NullPointerException: Cannot invoke "org.openqa.selenium.WebDriver.get(String)" because "this.driver" is null
at com.bookswagon.pages.SearchPage.navigateToUrl(SearchPage.java:50)
at com.bookswagon.stepdefinitions.SearchStepDefinitions.user_navigates_to_the_book_website(SearchStepDefinitions.java:32)
at ✽.user navigates to the book website(file:///C:/RLL/RLL-Group-5-BooksWagon/src/test/resources/Features/Search.feature:5)
]]>
    </error>
  </testcase> <!-- runScenario -->
  <system-out/>
  <testcase classname="com.bookswagon.runner.TestRunner" name="runScenario" time="0.006">
    <error message="Cannot invoke &quot;org.openqa.selenium.WebDriver.get(String)&quot; because &quot;this.driver&quot; is null" type="java.lang.NullPointerException">
      <![CDATA[java.lang.NullPointerException: Cannot invoke "org.openqa.selenium.WebDriver.get(String)" because "this.driver" is null
at com.bookswagon.pages.MyWishListPage.navigateToURL(MyWishListPage.java:72)
at com.bookswagon.stepdefinitions.WishListStepDefinitions.the_url_of_bookswagon_website(WishListStepDefinitions.java:33)
at ✽.the URL of bookswagon website(file:///C:/RLL/RLL-Group-5-BooksWagon/src/test/resources/Features/WishList.feature:4)
]]>
    </error>
  </testcase> <!-- runScenario -->
  <system-out/>
  <testcase classname="com.bookswagon.runner.TestRunner" name="runScenario" time="0.014">
    <error message="Cannot invoke &quot;org.openqa.selenium.WebDriver.get(String)&quot; because &quot;this.driver&quot; is null" type="java.lang.NullPointerException">
      <![CDATA[java.lang.NullPointerException: Cannot invoke "org.openqa.selenium.WebDriver.get(String)" because "this.driver" is null
at com.bookswagon.pages.AddAddressPage.navigateToURL(AddAddressPage.java:85)
at com.bookswagon.stepdefinitions.AddAddressStepDefinitons.the_url_bookswagon_website(AddAddressStepDefinitons.java:28)
at ✽.the URL bookswagon website(file:///C:/RLL/RLL-Group-5-BooksWagon/src/test/resources/Features/Addaddress.feature:4)
]]>
    </error>
  </testcase> <!-- runScenario -->
  <system-out/>
  <testcase classname="com.bookswagon.runner.TestRunner" name="runScenario" time="0.010">
    <skipped/>
  </testcase> <!-- runScenario -->
  <system-out/>
  <testcase classname="com.bookswagon.runner.TestRunner" name="runScenario" time="0.006">
    <error message="Cannot invoke &quot;org.openqa.selenium.WebDriver.get(String)&quot; because &quot;com.bookswagon.pages.RequestBookPage.driver&quot; is null" type="java.lang.NullPointerException">
      <![CDATA[java.lang.NullPointerException: Cannot invoke "org.openqa.selenium.WebDriver.get(String)" because "com.bookswagon.pages.RequestBookPage.driver" is null
at com.bookswagon.pages.RequestBookPage.navigateToURL(RequestBookPage.java:59)
at com.bookswagon.stepdefinitions.RequestBookStepDefinitions.i_want_to_open_a_website_in_browser(RequestBookStepDefinitions.java:32)
at ✽.I want to Open a website in browser(file:///C:/RLL/RLL-Group-5-BooksWagon/src/test/resources/Features/RequestBook.feature:21)
]]>
    </error>
  </testcase> <!-- runScenario -->
  <system-out/>
  <testcase classname="com.bookswagon.runner.TestRunner" name="runScenario" time="0.006">
    <error message="Cannot invoke &quot;org.openqa.selenium.WebDriver.get(String)&quot; because &quot;this.driver&quot; is null" type="java.lang.NullPointerException">
      <![CDATA[java.lang.NullPointerException: Cannot invoke "org.openqa.selenium.WebDriver.get(String)" because "this.driver" is null
at com.bookswagon.pages.SearchPage.navigateToUrl(SearchPage.java:50)
at com.bookswagon.stepdefinitions.SearchStepDefinitions.user_navigates_to_the_book_website(SearchStepDefinitions.java:32)
at ✽.user navigates to the book website(file:///C:/RLL/RLL-Group-5-BooksWagon/src/test/resources/Features/Search.feature:5)
]]>
    </error>
  </testcase> <!-- runScenario -->
  <system-out/>
  <testcase classname="com.bookswagon.runner.TestRunner" name="runScenario" time="0.009">
    <skipped/>
  </testcase> <!-- runScenario -->
  <system-out/>
  <testcase classname="com.bookswagon.runner.TestRunner" name="runScenario" time="0.009">
    <skipped/>
  </testcase> <!-- runScenario -->
  <system-out/>
  <testcase classname="com.bookswagon.runner.TestRunner" name="runScenario" time="0.008">
    <error message="Cannot invoke &quot;org.openqa.selenium.WebDriver.get(String)&quot; because &quot;this.driver&quot; is null" type="java.lang.NullPointerException">
      <![CDATA[java.lang.NullPointerException: Cannot invoke "org.openqa.selenium.WebDriver.get(String)" because "this.driver" is null
at com.bookswagon.pages.RegisterPage.navigateToURL(RegisterPage.java:43)
at com.bookswagon.stepdefinitions.RegisterStepDefinition.hit_the_url_of_bookswagon_website(RegisterStepDefinition.java:27)
at ✽.hit the URL of bookswagon website(file:///C:/RLL/RLL-Group-5-BooksWagon/src/test/resources/Features/Registration.feature:5)
]]>
    </error>
  </testcase> <!-- runScenario -->
  <system-out/>
  <testcase classname="com.bookswagon.runner.TestRunner" name="runScenario" time="0.022">
    <failure message="Unable to open browser" type="java.lang.AssertionError">
      <![CDATA[java.lang.AssertionError: Unable to open browser
at org.testng.Assert.fail(Assert.java:110)
at com.bookswagon.stepdefinitions.AddToCartStepDefinitions.user_navigates_to_the_home_page(AddToCartStepDefinitions.java:34)
at ✽.user navigates home page(file:///C:/RLL/RLL-Group-5-BooksWagon/src/test/resources/Features/AddToCart.feature:4)
]]>
    </failure>
  </testcase> <!-- runScenario -->
  <system-out/>
  <testcase classname="com.bookswagon.runner.TestRunner" name="runScenario" time="0.006">
    <skipped/>
  </testcase> <!-- runScenario -->
  <system-out/>
  <testcase classname="com.bookswagon.runner.TestRunner" name="runScenario" time="0.010">
    <skipped/>
  </testcase> <!-- runScenario -->
  <system-out/>
  <testcase classname="com.bookswagon.runner.TestRunner" name="runScenario" time="0.012">
    <skipped/>
  </testcase> <!-- runScenario -->
  <system-out/>
</testsuite> <!-- com.bookswagon.runner.TestRunner -->
